2021-11-30 08:34:55 [INFO] <login>: bad username 'user'
2021-11-30 08:35:01 [INFO] <login>: bad username 'user'
2021-11-30 08:35:19 [INFO] <login>: bad password for 'user'
2021-11-30 09:15:47 [NOTICE] <logged_in_auth>: request has no auth bearing token
2021-11-30 09:15:51 [NOTICE] <logged_in_auth>: request has no auth bearing token
2021-11-30 09:16:22 [NOTICE] <logged_in_auth>: auth bearing token not found or expired
2021-11-30 09:16:29 [NOTICE] <logged_in_auth>: request has no auth bearing token
2021-11-30 09:16:34 [NOTICE] <logged_in_auth>: auth bearing token not found or expired
2021-11-30 09:16:45 [INFO] <logged_in_auth>: valid request, extending token
2021-11-30 09:17:00 [INFO] <logged_in_auth>: valid request, extending token
2021-11-30 09:17:01 [INFO] <logged_in_auth>: valid request, extending token
2021-11-30 09:17:02 [INFO] <logged_in_auth>: valid request, extending token
2021-11-30 09:17:03 [INFO] <logged_in_auth>: valid request, extending token
2021-11-30 14:23:40 [NOTICE] <logged_in_auth>: request has no auth bearing token
2021-11-30 14:23:47 [NOTICE] <logged_in_auth>: request has no auth bearing token
2021-11-30 16:39:09 [NOTICE] <logged_in_auth>: request has no auth bearing token
2021-11-30 16:39:40 [NOTICE] <logged_in_auth>: request has no auth bearing token
2021-11-30 16:50:56 [INFO] <login>: bad password for 'user'
2021-11-30 16:52:08 [INFO] <logged_in_auth>: valid request, extending token
2021-11-30 16:52:11 [INFO] <logged_in_auth>: valid request, extending token
2021-11-30 16:52:12 [INFO] <logged_in_auth>: valid request, extending token
2021-11-30 16:52:13 [INFO] <logged_in_auth>: valid request, extending token
2021-11-30 16:52:14 [INFO] <logged_in_auth>: valid request, extending token
2021-11-30 16:52:20 [INFO] <logged_in_auth>: valid request, extending token
2021-11-30 16:52:56 [INFO] <logged_in_auth>: valid request, extending token
2021-11-30 16:54:35 [INFO] <logged_in_auth>: valid request, extending token
2021-11-30 16:54:38 [INFO] <logged_in_auth>: valid request, extending token
2021-11-30 16:54:39 [INFO] <logged_in_auth>: valid request, extending token
2021-11-30 16:54:40 [INFO] <logged_in_auth>: valid request, extending token
2021-11-30 16:54:45 [INFO] <logged_in_auth>: valid request, extending token
2021-11-30 16:54:57 [INFO] <logged_in_auth>: valid request, extending token
2021-11-30 16:55:06 [INFO] <logged_in_auth>: valid request, extending token
2021-11-30 16:55:12 [INFO] <logged_in_auth>: valid request, extending token
2021-11-30 16:55:37 [INFO] <logged_in_auth>: valid request, extending token
2021-11-30 16:56:33 [INFO] <logged_in_auth>: valid request, extending token
2021-11-30 16:56:43 [INFO] <logged_in_auth>: valid request, extending token
2021-11-30 16:56:50 [INFO] <logged_in_auth>: valid request, extending token
2021-11-30 16:57:07 [INFO] <logged_in_auth>: valid request, extending token
2021-11-30 16:58:15 [INFO] <logged_in_auth>: valid request, extending token
2021-11-30 17:00:03 [INFO] <logged_in_auth>: valid request, extending token
2021-11-30 17:00:12 [INFO] <logged_in_auth>: valid request, extending token
2021-11-30 17:00:28 [INFO] <logged_in_auth>: valid request, extending token
2021-11-30 17:01:10 [INFO] <logged_in_auth>: valid request, extending token
2021-11-30 17:01:11 [INFO] <logged_in_auth>: valid request, extending token
2021-11-30 17:01:48 [INFO] <logged_in_auth>: valid request, extending token
2021-11-30 17:01:53 [INFO] <logged_in_auth>: valid request, extending token
2021-11-30 17:02:00 [INFO] <logged_in_auth>: valid request, extending token
2021-11-30 17:02:26 [INFO] <logged_in_auth>: valid request, extending token
2021-11-30 17:02:31 [INFO] <logged_in_auth>: valid request, extending token
2021-11-30 17:02:46 [INFO] <logged_in_auth>: valid request, extending token
2021-11-30 17:03:52 [INFO] <logged_in_auth>: valid request, extending token
2021-11-30 17:03:53 [INFO] <logged_in_auth>: valid request, extending token
2021-11-30 17:04:11 [INFO] <logged_in_auth>: valid request, extending token
2021-11-30 17:04:14 [INFO] <logged_in_auth>: valid request, extending token
2021-11-30 17:04:22 [INFO] <logged_in_auth>: valid request, extending token
2021-11-30 17:05:10 [INFO] <logged_in_auth>: valid request, extending token
2021-11-30 17:05:14 [INFO] <logged_in_auth>: valid request, extending token
2021-11-30 17:05:56 [INFO] <logged_in_auth>: valid request, extending token
2021-11-30 17:05:59 [INFO] <logged_in_auth>: valid request, extending token
2021-11-30 17:06:02 [INFO] <logged_in_auth>: valid request, extending token
2021-11-30 17:06:12 [INFO] <logged_in_auth>: valid request, extending token
2021-11-30 17:07:43 [INFO] <logged_in_auth>: valid request, extending token
2021-11-30 17:08:05 [INFO] <logged_in_auth>: valid request, extending token
2021-11-30 17:09:50 [INFO] <logged_in_auth>: valid request, extending token
2021-11-30 17:10:02 [INFO] <logged_in_auth>: valid request, extending token
2021-11-30 17:10:20 [INFO] <logged_in_auth>: valid request, extending token
2021-11-30 17:10:25 [INFO] <logged_in_auth>: valid request, extending token
2021-11-30 17:11:13 [INFO] <logged_in_auth>: valid request, extending token
2021-11-30 17:12:06 [INFO] <logged_in_auth>: valid request, extending token
2021-11-30 17:12:11 [INFO] <logged_in_auth>: valid request, extending token
2021-11-30 17:12:17 [INFO] <logged_in_auth>: valid request, extending token
2021-11-30 17:12:22 [INFO] <logged_in_auth>: valid request, extending token
2021-11-30 17:12:26 [INFO] <logged_in_auth>: valid request, extending token
2021-11-30 17:12:38 [INFO] <logged_in_auth>: valid request, extending token
2021-11-30 17:12:41 [INFO] <logged_in_auth>: valid request, extending token
2021-11-30 17:15:34 [INFO] <logged_in_auth>: valid request, extending token
2021-11-30 17:16:29 [INFO] <logged_in_auth>: valid request, extending token
2021-11-30 17:16:58 [INFO] <logged_in_auth>: valid request, extending token
2021-11-30 17:17:14 [INFO] <logged_in_auth>: valid request, extending token
2021-11-30 17:17:23 [INFO] <logged_in_auth>: valid request, extending token
2021-11-30 17:17:26 [INFO] <logged_in_auth>: valid request, extending token
2021-11-30 17:17:42 [INFO] <logged_in_auth>: valid request, extending token
2021-11-30 17:17:50 [INFO] <logged_in_auth>: valid request, extending token
2021-11-30 17:17:53 [INFO] <logged_in_auth>: valid request, extending token
