2021-11-30 07:33:11 [INFO] <srouter>: will build the request
2021-11-30 07:33:11 [INFO] <srouter>: http://localhost/srouter/example/version becomes version
2021-11-30 07:33:11 [INFO] <srouter>: will map GET : version to a route
2021-11-30 07:33:11 [INFO] <srouter>: will perform execution now...
2021-11-30 07:33:11 [INFO] <srouter>: will transform and return output...
2021-11-30 08:24:17 [INFO] <srouter>: will build the request
2021-11-30 08:24:17 [INFO] <srouter>: http://localhost/srouter/example/login becomes login
2021-11-30 08:24:17 [INFO] <srouter>: will map GET : login to a route
2021-11-30 08:24:17 [NOTICE] <srouter>: failed to map, will throw
2021-11-30 08:24:17 [ERROR] <srouter>: 
2021-11-30 08:24:21 [INFO] <srouter>: will build the request
2021-11-30 08:24:21 [INFO] <srouter>: http://localhost/srouter/example/login becomes login
2021-11-30 08:24:21 [INFO] <srouter>: will map POST : login to a route
2021-11-30 08:24:21 [NOTICE] <srouter>: will extract arguments with 'json'
2021-11-30 08:24:21 [ERROR] <srouter>: could not decode json request body: Syntax error
2021-11-30 08:27:17 [INFO] <srouter>: will build the request
2021-11-30 08:27:17 [INFO] <srouter>: http://localhost/srouter/example/login becomes login
2021-11-30 08:27:17 [INFO] <srouter>: will map POST : login to a route
2021-11-30 08:27:17 [NOTICE] <srouter>: will extract arguments with 'json'
2021-11-30 08:27:17 [ERROR] <srouter>: missing compulsory parameter 'username'
2021-11-30 08:27:22 [INFO] <srouter>: will build the request
2021-11-30 08:27:22 [INFO] <srouter>: http://localhost/srouter/example/login becomes login
2021-11-30 08:27:22 [INFO] <srouter>: will map POST : login to a route
2021-11-30 08:27:22 [NOTICE] <srouter>: will extract arguments with 'json'
2021-11-30 08:27:22 [ERROR] <srouter>: missing compulsory parameter 'username'
2021-11-30 08:27:39 [INFO] <srouter>: will build the request
2021-11-30 08:27:39 [INFO] <srouter>: http://localhost/srouter/example/login becomes login
2021-11-30 08:27:39 [INFO] <srouter>: will map POST : login to a route
2021-11-30 08:27:39 [NOTICE] <srouter>: will extract arguments with 'json'
2021-11-30 08:27:39 [ERROR] <srouter>: missing compulsory parameter 'username'
2021-11-30 08:27:49 [INFO] <srouter>: will build the request
2021-11-30 08:27:49 [INFO] <srouter>: http://localhost/srouter/example/login becomes login
2021-11-30 08:27:49 [INFO] <srouter>: will map POST : login to a route
2021-11-30 08:27:49 [NOTICE] <srouter>: will extract arguments with 'json'
2021-11-30 08:27:49 [ERROR] <srouter>: missing compulsory parameter 'username'
2021-11-30 08:28:04 [INFO] <srouter>: will build the request
2021-11-30 08:28:04 [INFO] <srouter>: http://localhost/srouter/example/login becomes login
2021-11-30 08:28:04 [INFO] <srouter>: will map POST : login to a route
2021-11-30 08:28:04 [NOTICE] <srouter>: will extract arguments with 'json'
2021-11-30 08:28:04 [ERROR] <srouter>: missing compulsory parameter 'username'
2021-11-30 08:28:45 [INFO] <srouter>: will build the request
2021-11-30 08:28:45 [INFO] <srouter>: http://localhost/srouter/example/login becomes login
2021-11-30 08:28:45 [INFO] <srouter>: will map POST : login to a route
2021-11-30 08:28:45 [NOTICE] <srouter>: will extract arguments with 'json'
2021-11-30 08:28:45 [INFO] <srouter>: will attempt to find value for argument '_username'
2021-11-30 08:28:45 [INFO] <srouter>: will attempt to find value for argument '_pass'
2021-11-30 08:28:45 [INFO] <srouter>: will perform execution now...
2021-11-30 08:32:16 [INFO] <srouter>: will build the request
2021-11-30 08:32:16 [INFO] <srouter>: http://localhost/srouter/example/login becomes login
2021-11-30 08:32:16 [INFO] <srouter>: will map POST : login to a route
2021-11-30 08:32:16 [NOTICE] <srouter>: will extract arguments with 'json'
2021-11-30 08:32:16 [INFO] <srouter>: will attempt to find value for argument '_username'
2021-11-30 08:32:16 [INFO] <srouter>: will attempt to find value for argument '_pass'
2021-11-30 08:32:16 [INFO] <srouter>: will perform execution now...
2021-11-30 08:32:16 [INFO] <srouter>: will transform and return output...
2021-11-30 08:32:17 [INFO] <srouter>: will build the request
2021-11-30 08:32:17 [INFO] <srouter>: http://localhost/srouter/example/login becomes login
2021-11-30 08:32:17 [INFO] <srouter>: will map POST : login to a route
2021-11-30 08:32:17 [NOTICE] <srouter>: will extract arguments with 'json'
2021-11-30 08:32:17 [INFO] <srouter>: will attempt to find value for argument '_username'
2021-11-30 08:32:17 [INFO] <srouter>: will attempt to find value for argument '_pass'
2021-11-30 08:32:17 [INFO] <srouter>: will perform execution now...
2021-11-30 08:32:17 [INFO] <srouter>: will transform and return output...
2021-11-30 08:32:19 [INFO] <srouter>: will build the request
2021-11-30 08:32:19 [INFO] <srouter>: http://localhost/srouter/example/login becomes login
2021-11-30 08:32:19 [INFO] <srouter>: will map POST : login to a route
2021-11-30 08:32:19 [NOTICE] <srouter>: will extract arguments with 'json'
2021-11-30 08:32:19 [INFO] <srouter>: will attempt to find value for argument '_username'
2021-11-30 08:32:19 [INFO] <srouter>: will attempt to find value for argument '_pass'
2021-11-30 08:32:19 [INFO] <srouter>: will perform execution now...
2021-11-30 08:32:19 [INFO] <srouter>: will transform and return output...
2021-11-30 08:32:42 [INFO] <srouter>: will build the request
2021-11-30 08:32:42 [INFO] <srouter>: http://localhost/srouter/example/login becomes login
2021-11-30 08:32:42 [INFO] <srouter>: will map POST : login to a route
2021-11-30 08:32:42 [NOTICE] <srouter>: will extract arguments with 'json'
2021-11-30 08:32:42 [INFO] <srouter>: will attempt to find value for argument '_username'
2021-11-30 08:32:42 [INFO] <srouter>: will attempt to find value for argument '_pass'
2021-11-30 08:32:42 [INFO] <srouter>: will perform execution now...
2021-11-30 08:32:42 [INFO] <srouter>: will transform and return output...
2021-11-30 08:33:02 [INFO] <srouter>: will build the request
2021-11-30 08:33:02 [INFO] <srouter>: http://localhost/srouter/example/login becomes login
2021-11-30 08:33:02 [INFO] <srouter>: will map POST : login to a route
2021-11-30 08:33:02 [NOTICE] <srouter>: will extract arguments with 'json'
2021-11-30 08:33:02 [INFO] <srouter>: will attempt to find value for argument '_username'
2021-11-30 08:33:02 [INFO] <srouter>: will attempt to find value for argument '_pass'
2021-11-30 08:33:02 [INFO] <srouter>: will perform execution now...
2021-11-30 08:33:02 [ERROR] <srouter>: (err) Call to undefined function app\controller\sha512()
2021-11-30 08:33:29 [INFO] <srouter>: will build the request
2021-11-30 08:33:29 [INFO] <srouter>: http://localhost/srouter/example/login becomes login
2021-11-30 08:33:29 [INFO] <srouter>: will map POST : login to a route
2021-11-30 08:33:29 [NOTICE] <srouter>: will extract arguments with 'json'
2021-11-30 08:33:29 [INFO] <srouter>: will attempt to find value for argument '_username'
2021-11-30 08:33:29 [INFO] <srouter>: will attempt to find value for argument '_pass'
2021-11-30 08:33:29 [INFO] <srouter>: will perform execution now...
2021-11-30 08:34:03 [INFO] <srouter>: will build the request
2021-11-30 08:34:03 [INFO] <srouter>: http://localhost/srouter/example/login becomes login
2021-11-30 08:34:03 [INFO] <srouter>: will map POST : login to a route
2021-11-30 08:34:03 [NOTICE] <srouter>: will extract arguments with 'json'
2021-11-30 08:34:03 [INFO] <srouter>: will attempt to find value for argument '_username'
2021-11-30 08:34:03 [INFO] <srouter>: will attempt to find value for argument '_pass'
2021-11-30 08:34:03 [INFO] <srouter>: will perform execution now...
2021-11-30 08:34:17 [INFO] <srouter>: will build the request
2021-11-30 08:34:17 [INFO] <srouter>: http://localhost/srouter/example/login becomes login
2021-11-30 08:34:17 [INFO] <srouter>: will map POST : login to a route
2021-11-30 08:34:17 [NOTICE] <srouter>: will extract arguments with 'json'
2021-11-30 08:34:17 [INFO] <srouter>: will attempt to find value for argument '_username'
2021-11-30 08:34:17 [INFO] <srouter>: will attempt to find value for argument '_pass'
2021-11-30 08:34:17 [INFO] <srouter>: will perform execution now...
2021-11-30 08:34:17 [INFO] <srouter>: will transform and return output...
2021-11-30 08:34:55 [INFO] <srouter>: will build the request
2021-11-30 08:34:55 [INFO] <srouter>: http://localhost/srouter/example/login becomes login
2021-11-30 08:34:55 [INFO] <srouter>: will map POST : login to a route
2021-11-30 08:34:55 [NOTICE] <srouter>: will extract arguments with 'json'
2021-11-30 08:34:55 [INFO] <srouter>: will attempt to find value for argument '_username'
2021-11-30 08:34:55 [INFO] <srouter>: will attempt to find value for argument '_pass'
2021-11-30 08:34:55 [INFO] <srouter>: will perform execution now...
2021-11-30 08:34:55 [INFO] <srouter>: will transform and return output...
2021-11-30 08:35:01 [INFO] <srouter>: will build the request
2021-11-30 08:35:01 [INFO] <srouter>: http://localhost/srouter/example/login becomes login
2021-11-30 08:35:01 [INFO] <srouter>: will map POST : login to a route
2021-11-30 08:35:01 [NOTICE] <srouter>: will extract arguments with 'json'
2021-11-30 08:35:01 [INFO] <srouter>: will attempt to find value for argument '_username'
2021-11-30 08:35:01 [INFO] <srouter>: will attempt to find value for argument '_pass'
2021-11-30 08:35:01 [INFO] <srouter>: will perform execution now...
2021-11-30 08:35:01 [INFO] <srouter>: will transform and return output...
2021-11-30 08:35:19 [INFO] <srouter>: will build the request
2021-11-30 08:35:19 [INFO] <srouter>: http://localhost/srouter/example/login becomes login
2021-11-30 08:35:19 [INFO] <srouter>: will map POST : login to a route
2021-11-30 08:35:19 [NOTICE] <srouter>: will extract arguments with 'json'
2021-11-30 08:35:19 [INFO] <srouter>: will attempt to find value for argument '_username'
2021-11-30 08:35:19 [INFO] <srouter>: will attempt to find value for argument '_pass'
2021-11-30 08:35:19 [INFO] <srouter>: will perform execution now...
2021-11-30 08:35:19 [INFO] <srouter>: will transform and return output...
2021-11-30 08:35:30 [INFO] <srouter>: will build the request
2021-11-30 08:35:30 [INFO] <srouter>: http://localhost/srouter/example/login becomes login
2021-11-30 08:35:30 [INFO] <srouter>: will map POST : login to a route
2021-11-30 08:35:30 [NOTICE] <srouter>: will extract arguments with 'json'
2021-11-30 08:35:30 [INFO] <srouter>: will attempt to find value for argument '_username'
2021-11-30 08:35:30 [INFO] <srouter>: will attempt to find value for argument '_pass'
2021-11-30 08:35:30 [INFO] <srouter>: will perform execution now...
2021-11-30 08:59:35 [INFO] <srouter>: will build the request
2021-11-30 08:59:35 [INFO] <srouter>: http://localhost/srouter/example/login becomes login
2021-11-30 08:59:35 [INFO] <srouter>: will map POST : login to a route
2021-11-30 08:59:35 [NOTICE] <srouter>: will extract arguments with 'json'
2021-11-30 08:59:35 [INFO] <srouter>: will attempt to find value for argument '_username'
2021-11-30 08:59:35 [INFO] <srouter>: will attempt to find value for argument '_pass'
2021-11-30 08:59:35 [INFO] <srouter>: will perform execution now...
2021-11-30 08:59:35 [ERROR] <srouter>: (err) Argument 2 passed to app\user_auth::app\{closure}() must be an instance of app\auth_node, instance of app\user_auth given
2021-11-30 09:01:15 [INFO] <srouter>: will build the request
2021-11-30 09:01:15 [INFO] <srouter>: http://localhost/srouter/example/login becomes login
2021-11-30 09:01:15 [INFO] <srouter>: will map POST : login to a route
2021-11-30 09:01:15 [NOTICE] <srouter>: will extract arguments with 'json'
2021-11-30 09:01:15 [INFO] <srouter>: will attempt to find value for argument '_username'
2021-11-30 09:01:15 [INFO] <srouter>: will attempt to find value for argument '_pass'
2021-11-30 09:01:15 [INFO] <srouter>: will perform execution now...
2021-11-30 09:01:15 [ERROR] <srouter>: (at /mnt/dev/htdocs/srouter/example/src/app/user_auth.php:145) Argument 2 passed to app\user_auth::app\{closure}() must be an instance of app\auth_node, instance of app\user_auth given
2021-11-30 09:01:50 [INFO] <srouter>: will build the request
2021-11-30 09:01:50 [INFO] <srouter>: http://localhost/srouter/example/login becomes login
2021-11-30 09:01:50 [INFO] <srouter>: will map POST : login to a route
2021-11-30 09:01:50 [NOTICE] <srouter>: will extract arguments with 'json'
2021-11-30 09:01:50 [INFO] <srouter>: will attempt to find value for argument '_username'
2021-11-30 09:01:50 [INFO] <srouter>: will attempt to find value for argument '_pass'
2021-11-30 09:01:50 [INFO] <srouter>: will perform execution now...
2021-11-30 09:01:50 [INFO] <srouter>: will transform and return output...
2021-11-30 09:02:05 [INFO] <srouter>: will build the request
2021-11-30 09:02:05 [INFO] <srouter>: http://localhost/srouter/example/login becomes login
2021-11-30 09:02:05 [INFO] <srouter>: will map POST : login to a route
2021-11-30 09:02:05 [NOTICE] <srouter>: will extract arguments with 'json'
2021-11-30 09:02:05 [INFO] <srouter>: will attempt to find value for argument '_username'
2021-11-30 09:02:05 [INFO] <srouter>: will attempt to find value for argument '_pass'
2021-11-30 09:02:05 [INFO] <srouter>: will perform execution now...
2021-11-30 09:02:05 [INFO] <srouter>: will transform and return output...
2021-11-30 09:02:14 [INFO] <srouter>: will build the request
2021-11-30 09:02:14 [INFO] <srouter>: http://localhost/srouter/example/login becomes login
2021-11-30 09:02:14 [INFO] <srouter>: will map POST : login to a route
2021-11-30 09:02:14 [NOTICE] <srouter>: will extract arguments with 'json'
2021-11-30 09:02:14 [INFO] <srouter>: will attempt to find value for argument '_username'
2021-11-30 09:02:14 [INFO] <srouter>: will attempt to find value for argument '_pass'
2021-11-30 09:02:14 [INFO] <srouter>: will perform execution now...
2021-11-30 09:02:14 [INFO] <srouter>: will transform and return output...
2021-11-30 09:02:21 [INFO] <srouter>: will build the request
2021-11-30 09:02:21 [INFO] <srouter>: http://localhost/srouter/example/login becomes login
2021-11-30 09:02:21 [INFO] <srouter>: will map POST : login to a route
2021-11-30 09:02:21 [NOTICE] <srouter>: will extract arguments with 'json'
2021-11-30 09:02:21 [INFO] <srouter>: will attempt to find value for argument '_username'
2021-11-30 09:02:21 [INFO] <srouter>: will attempt to find value for argument '_pass'
2021-11-30 09:02:21 [INFO] <srouter>: will perform execution now...
2021-11-30 09:02:21 [INFO] <srouter>: will transform and return output...
2021-11-30 09:02:21 [INFO] <srouter>: will build the request
2021-11-30 09:02:21 [INFO] <srouter>: http://localhost/srouter/example/login becomes login
2021-11-30 09:02:21 [INFO] <srouter>: will map POST : login to a route
2021-11-30 09:02:21 [NOTICE] <srouter>: will extract arguments with 'json'
2021-11-30 09:02:21 [INFO] <srouter>: will attempt to find value for argument '_username'
2021-11-30 09:02:21 [INFO] <srouter>: will attempt to find value for argument '_pass'
2021-11-30 09:02:21 [INFO] <srouter>: will perform execution now...
2021-11-30 09:02:21 [INFO] <srouter>: will transform and return output...
2021-11-30 09:02:22 [INFO] <srouter>: will build the request
2021-11-30 09:02:22 [INFO] <srouter>: http://localhost/srouter/example/login becomes login
2021-11-30 09:02:22 [INFO] <srouter>: will map POST : login to a route
2021-11-30 09:02:22 [NOTICE] <srouter>: will extract arguments with 'json'
2021-11-30 09:02:22 [INFO] <srouter>: will attempt to find value for argument '_username'
2021-11-30 09:02:22 [INFO] <srouter>: will attempt to find value for argument '_pass'
2021-11-30 09:02:22 [INFO] <srouter>: will perform execution now...
2021-11-30 09:02:22 [INFO] <srouter>: will transform and return output...
2021-11-30 09:02:23 [INFO] <srouter>: will build the request
2021-11-30 09:02:23 [INFO] <srouter>: http://localhost/srouter/example/login becomes login
2021-11-30 09:02:23 [INFO] <srouter>: will map POST : login to a route
2021-11-30 09:02:23 [NOTICE] <srouter>: will extract arguments with 'json'
2021-11-30 09:02:23 [INFO] <srouter>: will attempt to find value for argument '_username'
2021-11-30 09:02:23 [INFO] <srouter>: will attempt to find value for argument '_pass'
2021-11-30 09:02:23 [INFO] <srouter>: will perform execution now...
2021-11-30 09:02:23 [INFO] <srouter>: will transform and return output...
2021-11-30 09:02:23 [INFO] <srouter>: will build the request
2021-11-30 09:02:23 [INFO] <srouter>: http://localhost/srouter/example/login becomes login
2021-11-30 09:02:23 [INFO] <srouter>: will map POST : login to a route
2021-11-30 09:02:23 [NOTICE] <srouter>: will extract arguments with 'json'
2021-11-30 09:02:23 [INFO] <srouter>: will attempt to find value for argument '_username'
2021-11-30 09:02:23 [INFO] <srouter>: will attempt to find value for argument '_pass'
2021-11-30 09:02:23 [INFO] <srouter>: will perform execution now...
2021-11-30 09:02:23 [INFO] <srouter>: will transform and return output...
2021-11-30 09:02:24 [INFO] <srouter>: will build the request
2021-11-30 09:02:24 [INFO] <srouter>: http://localhost/srouter/example/login becomes login
2021-11-30 09:02:24 [INFO] <srouter>: will map POST : login to a route
2021-11-30 09:02:24 [NOTICE] <srouter>: will extract arguments with 'json'
2021-11-30 09:02:24 [INFO] <srouter>: will attempt to find value for argument '_username'
2021-11-30 09:02:24 [INFO] <srouter>: will attempt to find value for argument '_pass'
2021-11-30 09:02:24 [INFO] <srouter>: will perform execution now...
2021-11-30 09:02:24 [INFO] <srouter>: will transform and return output...
2021-11-30 09:02:24 [INFO] <srouter>: will build the request
2021-11-30 09:02:24 [INFO] <srouter>: http://localhost/srouter/example/login becomes login
2021-11-30 09:02:24 [INFO] <srouter>: will map POST : login to a route
2021-11-30 09:02:24 [NOTICE] <srouter>: will extract arguments with 'json'
2021-11-30 09:02:24 [INFO] <srouter>: will attempt to find value for argument '_username'
2021-11-30 09:02:24 [INFO] <srouter>: will attempt to find value for argument '_pass'
2021-11-30 09:02:24 [INFO] <srouter>: will perform execution now...
2021-11-30 09:02:24 [INFO] <srouter>: will transform and return output...
2021-11-30 09:02:49 [INFO] <srouter>: will build the request
2021-11-30 09:02:49 [INFO] <srouter>: http://localhost/srouter/example/login becomes login
2021-11-30 09:02:49 [INFO] <srouter>: will map POST : login to a route
2021-11-30 09:02:49 [NOTICE] <srouter>: will extract arguments with 'json'
2021-11-30 09:02:49 [INFO] <srouter>: will attempt to find value for argument '_username'
2021-11-30 09:02:49 [INFO] <srouter>: will attempt to find value for argument '_pass'
2021-11-30 09:02:49 [INFO] <srouter>: will perform execution now...
2021-11-30 09:02:49 [INFO] <srouter>: will transform and return output...
2021-11-30 09:02:49 [INFO] <srouter>: will build the request
2021-11-30 09:02:49 [INFO] <srouter>: http://localhost/srouter/example/login becomes login
2021-11-30 09:02:49 [INFO] <srouter>: will map POST : login to a route
2021-11-30 09:02:49 [NOTICE] <srouter>: will extract arguments with 'json'
2021-11-30 09:02:49 [INFO] <srouter>: will attempt to find value for argument '_username'
2021-11-30 09:02:49 [INFO] <srouter>: will attempt to find value for argument '_pass'
2021-11-30 09:02:49 [INFO] <srouter>: will perform execution now...
2021-11-30 09:02:49 [INFO] <srouter>: will transform and return output...
2021-11-30 09:02:50 [INFO] <srouter>: will build the request
2021-11-30 09:02:50 [INFO] <srouter>: http://localhost/srouter/example/login becomes login
2021-11-30 09:02:50 [INFO] <srouter>: will map POST : login to a route
2021-11-30 09:02:50 [NOTICE] <srouter>: will extract arguments with 'json'
2021-11-30 09:02:50 [INFO] <srouter>: will attempt to find value for argument '_username'
2021-11-30 09:02:50 [INFO] <srouter>: will attempt to find value for argument '_pass'
2021-11-30 09:02:50 [INFO] <srouter>: will perform execution now...
2021-11-30 09:02:50 [INFO] <srouter>: will transform and return output...
2021-11-30 09:02:50 [INFO] <srouter>: will build the request
2021-11-30 09:02:50 [INFO] <srouter>: http://localhost/srouter/example/login becomes login
2021-11-30 09:02:50 [INFO] <srouter>: will map POST : login to a route
2021-11-30 09:02:50 [NOTICE] <srouter>: will extract arguments with 'json'
2021-11-30 09:02:50 [INFO] <srouter>: will attempt to find value for argument '_username'
2021-11-30 09:02:50 [INFO] <srouter>: will attempt to find value for argument '_pass'
2021-11-30 09:02:50 [INFO] <srouter>: will perform execution now...
2021-11-30 09:02:50 [INFO] <srouter>: will transform and return output...
2021-11-30 09:03:40 [INFO] <srouter>: will build the request
2021-11-30 09:03:40 [INFO] <srouter>: http://localhost/srouter/example/version becomes version
2021-11-30 09:03:40 [INFO] <srouter>: will map GET : version to a route
2021-11-30 09:03:40 [INFO] <srouter>: will perform authorization
2021-11-30 09:03:40 [INFO] <srouter>: will authorize using logged_in
2021-11-30 09:13:15 [INFO] <srouter>: will build the request
2021-11-30 09:13:15 [INFO] <srouter>: http://localhost/srouter/example/version becomes version
2021-11-30 09:13:15 [INFO] <srouter>: will map GET : version to a route
2021-11-30 09:13:15 [INFO] <srouter>: will perform authorization
2021-11-30 09:13:15 [INFO] <srouter>: will authorize using logged_in
2021-11-30 09:13:15 [ERROR] <srouter>: (at /mnt/dev/htdocs/srouter/example/src/rimplementation/logged_in_auth.php:10) Argument 1 passed to rimplementation\logged_in_auth::__construct() must be an instance of app\dependency_container, instance of app\user_auth given, called in /mnt/dev/htdocs/srouter/example/src/rimplementation/factory/authorizer_factory.php on line 21
2021-11-30 09:14:51 [INFO] <srouter>: will build the request
2021-11-30 09:14:51 [INFO] <srouter>: http://localhost/srouter/example/version becomes version
2021-11-30 09:14:51 [INFO] <srouter>: will map GET : version to a route
2021-11-30 09:14:51 [INFO] <srouter>: will perform authorization
2021-11-30 09:14:51 [INFO] <srouter>: will authorize using logged_in
2021-11-30 09:14:51 [ERROR] <srouter>: (at /mnt/dev/htdocs/srouter/example/src/rimplementation/logged_in_auth.php:10) Argument 1 passed to rimplementation\logged_in_auth::__construct() must implement interface log\logger_interface, instance of app\user_auth given, called in /mnt/dev/htdocs/srouter/example/src/rimplementation/factory/authorizer_factory.php on line 21
2021-11-30 09:15:47 [INFO] <srouter>: will build the request
2021-11-30 09:15:47 [INFO] <srouter>: http://localhost/srouter/example/version becomes version
2021-11-30 09:15:47 [INFO] <srouter>: will map GET : version to a route
2021-11-30 09:15:47 [INFO] <srouter>: will perform authorization
2021-11-30 09:15:47 [INFO] <srouter>: will authorize using logged_in
2021-11-30 09:15:47 [NOTICE] <srouter>: logged_in authorization failed
2021-11-30 09:15:47 [ERROR] <srouter>: failed to authorize using logged_in
2021-11-30 09:15:51 [INFO] <srouter>: will build the request
2021-11-30 09:15:51 [INFO] <srouter>: http://localhost/srouter/example/version becomes version
2021-11-30 09:15:51 [INFO] <srouter>: will map GET : version to a route
2021-11-30 09:15:51 [INFO] <srouter>: will perform authorization
2021-11-30 09:15:51 [INFO] <srouter>: will authorize using logged_in
2021-11-30 09:15:51 [NOTICE] <srouter>: logged_in authorization failed
2021-11-30 09:15:51 [ERROR] <srouter>: failed to authorize using logged_in
2021-11-30 09:16:08 [INFO] <srouter>: will build the request
2021-11-30 09:16:08 [INFO] <srouter>: http://localhost/srouter/example/version becomes version
2021-11-30 09:16:08 [INFO] <srouter>: will map GET : version to a route
2021-11-30 09:16:08 [INFO] <srouter>: will perform authorization
2021-11-30 09:16:08 [INFO] <srouter>: will authorize using logged_in
2021-11-30 09:16:08 [ERROR] <srouter>: (at /mnt/dev/htdocs/srouter/example/src/app/user_auth.php:110) Return value of app\user_auth::get() must be an instance of app\auth_node, null returned
2021-11-30 09:16:22 [INFO] <srouter>: will build the request
2021-11-30 09:16:22 [INFO] <srouter>: http://localhost/srouter/example/version becomes version
2021-11-30 09:16:22 [INFO] <srouter>: will map GET : version to a route
2021-11-30 09:16:22 [INFO] <srouter>: will perform authorization
2021-11-30 09:16:22 [INFO] <srouter>: will authorize using logged_in
2021-11-30 09:16:22 [NOTICE] <srouter>: logged_in authorization failed
2021-11-30 09:16:22 [ERROR] <srouter>: failed to authorize using logged_in
2021-11-30 09:16:29 [INFO] <srouter>: will build the request
2021-11-30 09:16:29 [INFO] <srouter>: http://localhost/srouter/example/version becomes version
2021-11-30 09:16:29 [INFO] <srouter>: will map GET : version to a route
2021-11-30 09:16:29 [INFO] <srouter>: will perform authorization
2021-11-30 09:16:29 [INFO] <srouter>: will authorize using logged_in
2021-11-30 09:16:29 [NOTICE] <srouter>: logged_in authorization failed
2021-11-30 09:16:29 [ERROR] <srouter>: failed to authorize using logged_in
2021-11-30 09:16:34 [INFO] <srouter>: will build the request
2021-11-30 09:16:34 [INFO] <srouter>: http://localhost/srouter/example/version becomes version
2021-11-30 09:16:34 [INFO] <srouter>: will map GET : version to a route
2021-11-30 09:16:34 [INFO] <srouter>: will perform authorization
2021-11-30 09:16:34 [INFO] <srouter>: will authorize using logged_in
2021-11-30 09:16:34 [NOTICE] <srouter>: logged_in authorization failed
2021-11-30 09:16:34 [ERROR] <srouter>: failed to authorize using logged_in
2021-11-30 09:16:45 [INFO] <srouter>: will build the request
2021-11-30 09:16:45 [INFO] <srouter>: http://localhost/srouter/example/version becomes version
2021-11-30 09:16:45 [INFO] <srouter>: will map GET : version to a route
2021-11-30 09:16:45 [INFO] <srouter>: will perform authorization
2021-11-30 09:16:45 [INFO] <srouter>: will authorize using logged_in
2021-11-30 09:16:45 [INFO] <srouter>: will perform execution now...
2021-11-30 09:16:45 [INFO] <srouter>: will transform and return output...
2021-11-30 09:17:00 [INFO] <srouter>: will build the request
2021-11-30 09:17:00 [INFO] <srouter>: http://localhost/srouter/example/version becomes version
2021-11-30 09:17:00 [INFO] <srouter>: will map GET : version to a route
2021-11-30 09:17:00 [INFO] <srouter>: will perform authorization
2021-11-30 09:17:00 [INFO] <srouter>: will authorize using logged_in
2021-11-30 09:17:00 [INFO] <srouter>: will perform execution now...
2021-11-30 09:17:00 [INFO] <srouter>: will transform and return output...
2021-11-30 09:17:01 [INFO] <srouter>: will build the request
2021-11-30 09:17:01 [INFO] <srouter>: http://localhost/srouter/example/version becomes version
2021-11-30 09:17:01 [INFO] <srouter>: will map GET : version to a route
2021-11-30 09:17:01 [INFO] <srouter>: will perform authorization
2021-11-30 09:17:01 [INFO] <srouter>: will authorize using logged_in
2021-11-30 09:17:01 [INFO] <srouter>: will perform execution now...
2021-11-30 09:17:01 [INFO] <srouter>: will transform and return output...
2021-11-30 09:17:02 [INFO] <srouter>: will build the request
2021-11-30 09:17:02 [INFO] <srouter>: http://localhost/srouter/example/version becomes version
2021-11-30 09:17:02 [INFO] <srouter>: will map GET : version to a route
2021-11-30 09:17:02 [INFO] <srouter>: will perform authorization
2021-11-30 09:17:02 [INFO] <srouter>: will authorize using logged_in
2021-11-30 09:17:02 [INFO] <srouter>: will perform execution now...
2021-11-30 09:17:02 [INFO] <srouter>: will transform and return output...
2021-11-30 09:17:03 [INFO] <srouter>: will build the request
2021-11-30 09:17:03 [INFO] <srouter>: http://localhost/srouter/example/version becomes version
2021-11-30 09:17:03 [INFO] <srouter>: will map GET : version to a route
2021-11-30 09:17:03 [INFO] <srouter>: will perform authorization
2021-11-30 09:17:03 [INFO] <srouter>: will authorize using logged_in
2021-11-30 09:17:03 [INFO] <srouter>: will perform execution now...
2021-11-30 09:17:03 [INFO] <srouter>: will transform and return output...
2021-11-30 14:23:40 [INFO] <srouter>: will build the request
2021-11-30 14:23:40 [INFO] <srouter>: http://localhost/srouter/example/version becomes version
2021-11-30 14:23:40 [INFO] <srouter>: will map GET : version to a route
2021-11-30 14:23:40 [INFO] <srouter>: will perform authorization
2021-11-30 14:23:40 [INFO] <srouter>: will authorize using logged_in
2021-11-30 14:23:40 [NOTICE] <srouter>: logged_in authorization failed
2021-11-30 14:23:40 [ERROR] <srouter>: failed to authorize using logged_in
2021-11-30 14:23:47 [INFO] <srouter>: will build the request
2021-11-30 14:23:47 [INFO] <srouter>: http://localhost/srouter/example/version becomes version
2021-11-30 14:23:47 [INFO] <srouter>: will map GET : version to a route
2021-11-30 14:23:47 [INFO] <srouter>: will perform authorization
2021-11-30 14:23:47 [INFO] <srouter>: will authorize using logged_in
2021-11-30 14:23:47 [NOTICE] <srouter>: logged_in authorization failed
2021-11-30 14:23:47 [ERROR] <srouter>: failed to authorize using logged_in
